<item>
    <title>[B]******** DragonFire Test ********[/B]</title>
</item>