<item>
    <title>[B]******** DragonFire Test ********[/B]</title>
</item>
<item>
	<title>Cartoons 4U</title>
	<link>https://edge1.dashmedia.tv/onestudio/cartoons_4u/playlist.m3u8?fluxustv.m3u8</link>
	<thumbnail></thumbnail>
</item>
<meta>
	<title>Hellbound: Hellraiser II (1988)</title>
    <imdb>tt0095294</imdb>
	<thumbnail>https://image.tmdb.org/t/p/w1280/ryuo4unQkzcEKhfAfzhbQo8oxVm.jpg</thumbnail>
	<fanart>https://image.tmdb.org/t/p/w1280/s3YnyO4lwQ5tgdWw664zdKsKkpk.jpg</fanart>
</meta>
