<item>
    <title>[B]******** DragonFire Test ********[/B]</title>
</item>
<item>
	<title>Cartoons 4U</title>
	<link>https://edge1.dashmedia.tv/onestudio/cartoons_4u/playlist.m3u8?fluxustv.m3u8</link>
	<thumbnail></thumbnail>
</item>
<item>
	<title>Hellbound: Hellraiser II (1988)</title>
<meta>
	<content>movie</content>
	<imdb>tt0095294</imdb>
	<title>Hellbound: Hellraiser II</title>
	<year>1988</year>
</meta>
    <link>search</link>
	<thumbnail>https://image.tmdb.org/t/p/w1280/ryuo4unQkzcEKhfAfzhbQo8oxVm.jpg</thumbnail>
	<fanart>https://image.tmdb.org/t/p/w1280/s3YnyO4lwQ5tgdWw664zdKsKkpk.jpg</fanart>
</item>

<dir>
  <title>TMDB Star Wars Collection</title>
  <tmdb>collection/10</tmdb>
</dir>