<item>
    <title>[B]******** DragonFire Test ********[/B]</title>
</item>
<item>
	<title>Cartoons 4U</title>
	<link>https://edge1.dashmedia.tv/onestudio/cartoons_4u/playlist.m3u8?fluxustv.m3u8</link>
	<thumbnail></thumbnail>
</item>
<item>
	<title>Hellbound: Hellraiser II (1988)</title>
<meta>
	<content>movie</content>
	<imdb>tt0095294</imdb>
	<title>Hellbound: Hellraiser II</title>
	<year>1988</year>
</meta>
<link>
    <preset>search</preset>
</link>
	<thumbnail>https://image.tmdb.org/t/p/w1280/ryuo4unQkzcEKhfAfzhbQo8oxVm.jpg</thumbnail>
	<fanart>https://image.tmdb.org/t/p/w1280/s3YnyO4lwQ5tgdWw664zdKsKkpk.jpg</fanart>
</item>
<item>
<title>Aladdin Collection</title>
<link>https://api.themoviedb.org/3/list/33184?api_key=%s</link> % (self.tmdb_key)
<thumbnail>https://image.tmdb.org/t/p/w1280/9jAbtLbAbebtuF5q1gZIPUCuegd.jpg</thumbnail>
<fanart>https://image.tmdb.org/t/p/original/oZN5w508NSlrmcMql1wohhsQGIg.jpg</fanart>
</item>

<item>
<title>XVideos</title>
<link>ActivateWindow(Videos,"plugin://plugin.video.videodevil/?url=title%3AXVideos%26director%3AVideoDevil%26genre%3AXVideos%26type%3Arss%26icon%3AC%3A%5CUsers%5Cchris%5CKodi-Chris%27s%20Build%5Cportable_data%5Caddons%5Cplugin.video.videodevil%5Cresources%5Cimages%5Cxvideos.png%26url%3Axvideos.com.cfg",return)</link>
</item>
