<item>
    <title>[B]******** DragonFire Test ********[/B]</title>
</item>
<item>
	<title>Cartoons 4U</title>
	<link>https://edge1.dashmedia.tv/onestudio/cartoons_4u/playlist.m3u8?fluxustv.m3u8</link>
	<thumbnail></thumbnail>
</item>